{
  "stats": {
    "suites": 2,
    "tests": 2,
    "passes": 2,
    "pending": 0,
    "failures": 0,
    "start": "2022-09-01T02:41:28.584Z",
    "end": "2022-09-01T02:42:20.876Z",
    "duration": 52292,
    "testsRegistered": 2,
    "passPercent": 100,
    "pendingPercent": 0,
    "other": 0,
    "hasOther": false,
    "skipped": 0,
    "hasSkipped": false
  },
  "results": [
    {
      "uuid": "cfbf5bfa-494d-407e-b9e8-0c24d0c0201c",
      "title": "",
      "fullFile": "",
      "file": "",
      "beforeHooks": [],
      "afterHooks": [],
      "tests": [],
      "suites": [
        {
          "uuid": "700415c0-ad6e-4112-b788-69a198a077d1",
          "title": "Registration BDD - GHERKIN",
          "fullFile": "C:\\Workspace\\builders\\desafioTecnico\\features\\registration.feature",
          "file": "\\features\\registration.feature",
          "beforeHooks": [
            {
              "title": "\"before all\" hook: codeceptjs.beforeSuite in \"Registration BDD - GHERKIN\"",
              "fullTitle": "Registration BDD - GHERKIN \"before all\" hook: codeceptjs.beforeSuite in \"Registration BDD - GHERKIN\"",
              "timedOut": false,
              "duration": 1,
              "state": null,
              "speed": null,
              "pass": false,
              "fail": false,
              "pending": false,
              "context": null,
              "code": "scenario.suiteSetup(suite)",
              "err": {},
              "uuid": "04cd27a3-e8a7-4439-b5ed-3a31cb767896",
              "parentUUID": "700415c0-ad6e-4112-b788-69a198a077d1",
              "isHook": true,
              "skipped": false
            },
            {
              "title": "\"before each\" hook: codeceptjs.before in \"Registration BDD - GHERKIN\"",
              "fullTitle": "Registration BDD - GHERKIN \"before each\" hook: codeceptjs.before in \"Registration BDD - GHERKIN\"",
              "timedOut": false,
              "duration": 9750,
              "state": null,
              "speed": null,
              "pass": false,
              "fail": false,
              "pending": false,
              "context": null,
              "code": "scenario.setup(suite)",
              "err": {},
              "uuid": "a2ac614e-1600-485c-8ea0-6cc89f47e048",
              "parentUUID": "700415c0-ad6e-4112-b788-69a198a077d1",
              "isHook": true,
              "skipped": false
            }
          ],
          "afterHooks": [
            {
              "title": "\"after all\" hook: codeceptjs.afterSuite in \"Registration BDD - GHERKIN\"",
              "fullTitle": "Registration BDD - GHERKIN \"after all\" hook: codeceptjs.afterSuite in \"Registration BDD - GHERKIN\"",
              "timedOut": false,
              "duration": 0,
              "state": null,
              "speed": null,
              "pass": false,
              "fail": false,
              "pending": false,
              "context": null,
              "code": "scenario.suiteTeardown(suite)",
              "err": {},
              "uuid": "25d0a24b-5528-4950-bc75-61bdef9e8e50",
              "parentUUID": "700415c0-ad6e-4112-b788-69a198a077d1",
              "isHook": true,
              "skipped": false
            },
            {
              "title": "\"after each\" hook: codeceptjs.after in \"Registration BDD - GHERKIN\"",
              "fullTitle": "Registration BDD - GHERKIN \"after each\" hook: codeceptjs.after in \"Registration BDD - GHERKIN\"",
              "timedOut": false,
              "duration": 485,
              "state": null,
              "speed": null,
              "pass": false,
              "fail": false,
              "pending": false,
              "context": null,
              "code": "scenario.teardown(suite)",
              "err": {},
              "uuid": "2164b191-7337-4c2c-a244-edb13b773316",
              "parentUUID": "700415c0-ad6e-4112-b788-69a198a077d1",
              "isHook": true,
              "skipped": false
            }
          ],
          "tests": [
            {
              "title": "Registration with success",
              "fullTitle": "Registration BDD - GHERKIN Registration with success",
              "timedOut": false,
              "duration": 16520,
              "state": "passed",
              "speed": "slow",
              "pass": true,
              "fail": false,
              "pending": false,
              "context": null,
              "code": "runSteps(child.steps)",
              "err": {},
              "uuid": "7e90960f-2c4e-452c-b9ee-f25beea1a347",
              "parentUUID": "700415c0-ad6e-4112-b788-69a198a077d1",
              "isHook": false,
              "skipped": false
            }
          ],
          "suites": [],
          "passes": [
            "7e90960f-2c4e-452c-b9ee-f25beea1a347"
          ],
          "failures": [],
          "pending": [],
          "skipped": [],
          "duration": 16520,
          "root": false,
          "rootEmpty": false,
          "_timeout": 0
        },
        {
          "uuid": "1cf1e1e5-546c-470c-b0f3-4874c3712b54",
          "title": "Registration TDD - RGR",
          "fullFile": "C:\\Workspace\\builders\\desafioTecnico\\steps\\registration_test.js",
          "file": "\\steps\\registration_test.js",
          "beforeHooks": [
            {
              "title": "\"before all\" hook: codeceptjs.beforeSuite in \"Registration TDD - RGR\"",
              "fullTitle": "Registration TDD - RGR \"before all\" hook: codeceptjs.beforeSuite in \"Registration TDD - RGR\"",
              "timedOut": false,
              "duration": 1,
              "state": null,
              "speed": null,
              "pass": false,
              "fail": false,
              "pending": false,
              "context": null,
              "code": "scenario.suiteSetup(suite)",
              "err": {},
              "uuid": "02940c69-6d4f-47a7-b989-cef3ca927ad8",
              "parentUUID": "1cf1e1e5-546c-470c-b0f3-4874c3712b54",
              "isHook": true,
              "skipped": false
            },
            {
              "title": "\"before all\" hook: BeforeSuite in \"Registration TDD - RGR\"",
              "fullTitle": "Registration TDD - RGR \"before all\" hook: BeforeSuite in \"Registration TDD - RGR\"",
              "timedOut": false,
              "duration": 3,
              "state": null,
              "speed": null,
              "pass": false,
              "fail": false,
              "pending": false,
              "context": null,
              "code": "console.log('BeforeSuite')",
              "err": {},
              "uuid": "16e9b366-d2ee-49fb-8ae5-47e0ff9ea81a",
              "parentUUID": "1cf1e1e5-546c-470c-b0f3-4874c3712b54",
              "isHook": true,
              "skipped": false
            },
            {
              "title": "\"before each\" hook: codeceptjs.before in \"Registration TDD - RGR\"",
              "fullTitle": "Registration TDD - RGR \"before each\" hook: codeceptjs.before in \"Registration TDD - RGR\"",
              "timedOut": false,
              "duration": 9408,
              "state": null,
              "speed": null,
              "pass": false,
              "fail": false,
              "pending": false,
              "context": null,
              "code": "scenario.setup(suite)",
              "err": {},
              "uuid": "6267ef81-92d8-47f3-9e52-c4ede139fedc",
              "parentUUID": "1cf1e1e5-546c-470c-b0f3-4874c3712b54",
              "isHook": true,
              "skipped": false
            },
            {
              "title": "\"before each\" hook: Before in \"Registration TDD - RGR\"",
              "fullTitle": "Registration TDD - RGR \"before each\" hook: Before in \"Registration TDD - RGR\"",
              "timedOut": false,
              "duration": 3,
              "state": null,
              "speed": null,
              "pass": false,
              "fail": false,
              "pending": false,
              "context": null,
              "code": "console.log('Before')",
              "err": {},
              "uuid": "a661aedb-24ff-456b-8b3f-8b13a8d97e14",
              "parentUUID": "1cf1e1e5-546c-470c-b0f3-4874c3712b54",
              "isHook": true,
              "skipped": false
            }
          ],
          "afterHooks": [
            {
              "title": "\"after all\" hook: AfterSuite in \"Registration TDD - RGR\"",
              "fullTitle": "Registration TDD - RGR \"after all\" hook: AfterSuite in \"Registration TDD - RGR\"",
              "timedOut": false,
              "duration": 1,
              "state": null,
              "speed": null,
              "pass": false,
              "fail": false,
              "pending": false,
              "context": null,
              "code": "console.log('AfterSuite')",
              "err": {},
              "uuid": "536c51d3-276c-44bd-93d5-2ca98235fe42",
              "parentUUID": "1cf1e1e5-546c-470c-b0f3-4874c3712b54",
              "isHook": true,
              "skipped": false
            },
            {
              "title": "\"after all\" hook: codeceptjs.afterSuite in \"Registration TDD - RGR\"",
              "fullTitle": "Registration TDD - RGR \"after all\" hook: codeceptjs.afterSuite in \"Registration TDD - RGR\"",
              "timedOut": false,
              "duration": 1,
              "state": null,
              "speed": null,
              "pass": false,
              "fail": false,
              "pending": false,
              "context": null,
              "code": "scenario.suiteTeardown(suite)",
              "err": {},
              "uuid": "440524bd-7665-45cf-be9d-dc6dcdaebad7",
              "parentUUID": "1cf1e1e5-546c-470c-b0f3-4874c3712b54",
              "isHook": true,
              "skipped": false
            },
            {
              "title": "\"after each\" hook: After in \"Registration TDD - RGR\"",
              "fullTitle": "Registration TDD - RGR \"after each\" hook: After in \"Registration TDD - RGR\"",
              "timedOut": false,
              "duration": 5,
              "state": null,
              "speed": null,
              "pass": false,
              "fail": false,
              "pending": false,
              "context": null,
              "code": "console.log('After')",
              "err": {},
              "uuid": "a99dce85-d1e7-4fcf-96c9-9d4028b18a88",
              "parentUUID": "1cf1e1e5-546c-470c-b0f3-4874c3712b54",
              "isHook": true,
              "skipped": false
            },
            {
              "title": "\"after each\" hook: finalize codeceptjs in \"Registration TDD - RGR\"",
              "fullTitle": "Registration TDD - RGR \"after each\" hook: finalize codeceptjs in \"Registration TDD - RGR\"",
              "timedOut": false,
              "duration": 502,
              "state": null,
              "speed": null,
              "pass": false,
              "fail": false,
              "pending": false,
              "context": null,
              "code": "scenario.teardown(suite)",
              "err": {},
              "uuid": "7b55e48b-3db1-4085-ba2b-b5dcf2f10d20",
              "parentUUID": "1cf1e1e5-546c-470c-b0f3-4874c3712b54",
              "isHook": true,
              "skipped": false
            }
          ],
          "tests": [
            {
              "title": "Registration with success",
              "fullTitle": "Registration TDD - RGR: Registration with success",
              "timedOut": false,
              "duration": 15601,
              "state": "passed",
              "speed": "slow",
              "pass": true,
              "fail": false,
              "pending": false,
              "context": null,
              "code": "full_name_page, home_page, home_login_page, localization_page, phone_page}) => {\n    const fullName = name.getName();\n    var phoneNumber = faker.phone.phoneNumber();\n    I.runOnAndroid(() => {\n        console.log('Android here!!!!')\n    });\n    home_page.validateTexts()\n    home_page.validateButtons()\n    home_page.clickButtonRegister()\n    phone_page.validatePhone(phoneNumber)\n    full_name_page.validateFullName(fullName)\n    localization_page.valiteTextLocalization()\n    localization_page.clickYesModal()\n    home_login_page.validateTexts()",
              "err": {},
              "uuid": "43799ecd-9955-458a-8be1-5a7b85c9aebb",
              "parentUUID": "1cf1e1e5-546c-470c-b0f3-4874c3712b54",
              "isHook": false,
              "skipped": false
            }
          ],
          "suites": [],
          "passes": [
            "43799ecd-9955-458a-8be1-5a7b85c9aebb"
          ],
          "failures": [],
          "pending": [],
          "skipped": [],
          "duration": 15601,
          "root": false,
          "rootEmpty": false,
          "_timeout": 0
        }
      ],
      "passes": [],
      "failures": [],
      "pending": [],
      "skipped": [],
      "duration": 0,
      "root": true,
      "rootEmpty": true,
      "_timeout": 0
    }
  ],
  "meta": {
    "mocha": {
      "version": "10.0.0"
    },
    "mochawesome": {
      "options": {
        "quiet": false,
        "reportFilename": "mochawesome",
        "saveHtml": true,
        "saveJson": true,
        "consoleReporter": "spec",
        "useInlineDiffs": false,
        "code": true
      },
      "version": "7.1.3"
    },
    "marge": {
      "options": {},
      "version": "6.2.0"
    }
  }
}